<?xml version="1.0" encoding="UTF-8"?>
<!-- Generated by org.testng.reporters.JUnitReportReporter -->
<testsuite hostname="DESKTOP-IB5SOQ8" name="org.rest.automation.RevelAutomation.RestClient1" tests="1" failures="0" timestamp="27 Feb 2020 15:18:36 GMT" time="4.440" errors="0">
  <testcase name="getcitiesResponse" time="4.440" classname="org.rest.automation.RevelAutomation.RestClient1"/>
</testsuite> <!-- org.rest.automation.RevelAutomation.RestClient1 -->
