<?xml version="1.0" encoding="UTF-8"?>
<!-- Generated by org.testng.reporters.JUnitReportReporter -->
<testsuite hostname="DESKTOP-IB5SOQ8" name="org.rest.automation.RestAutomation.EndTestClass" tests="1" failures="0" timestamp="14 Dec 2019 14:46:47 GMT" time="5.983" errors="0">
  <testcase name="getData" time="5.983" classname="org.rest.automation.RestAutomation.EndTestClass"/>
</testsuite> <!-- org.rest.automation.RestAutomation.EndTestClass -->
