<?xml version="1.0" encoding="UTF-8"?>
<!-- Generated by org.testng.reporters.JUnitReportReporter -->
<testsuite hostname="DESKTOP-IB5SOQ8" name="org.rest.automation.RestAutomation.RestClient1" tests="1" failures="0" timestamp="16 Mar 2019 13:20:07 GMT" time="10.622" errors="0">
  <testcase name="getcitiesResponse" time="10.622" classname="org.rest.automation.RestAutomation.RestClient1"/>
</testsuite> <!-- org.rest.automation.RestAutomation.RestClient1 -->
