<?xml version="1.0" encoding="UTF-8"?>
<!-- Generated by org.testng.reporters.JUnitReportReporter -->
<testsuite hostname="DESKTOP-IB5SOQ8" name="org.rest.automation.RestAutomation.EndTests" tests="2" failures="0" timestamp="27 Feb 2020 15:36:11 GMT" time="5.740" errors="0">
  <testcase name="testWebapp" time="1.372" classname="org.rest.automation.RestAutomation.EndTests"/>
  <testcase name="testCommandLine" time="4.368" classname="org.rest.automation.RestAutomation.EndTests"/>
</testsuite> <!-- org.rest.automation.RestAutomation.EndTests -->
